[2017-09-07 10:10:36] /traditional-education/shop/index.php?act=store_goods_add&op=image_upload&upload_type=uploadedfile ( act=store_goods_add&op=image_upload ) 
ERR: Db Error: Column 'aclass_id' cannot be null
INSERT  INTO `te_album_pic` (apic_name,apic_tag,aclass_id,apic_cover,apic_size,apic_spec,upload_time,store_id) VALUES ('2','',NULL,'1_05580942363517256.jpg','13125','130x130','1504750236','1')
[2017-09-07 10:12:03] /traditional-education/shop/index.php?act=store_goods_add&op=image_upload&upload_type=uploadedfile ( act=store_goods_add&op=image_upload ) 
ERR: Db Error: Column 'aclass_id' cannot be null
INSERT  INTO `te_album_pic` (apic_name,apic_tag,aclass_id,apic_cover,apic_size,apic_spec,upload_time,store_id) VALUES ('1','',NULL,'1_05580943237041834.jpg','37850','430x430','1504750323','1')
[2017-09-07 10:13:50] /traditional-education/shop/index.php?act=store_goods_add&op=image_upload&upload_type=uploadedfile ( act=store_goods_add&op=image_upload ) 
ERR: Db Error: Column 'aclass_id' cannot be null
INSERT  INTO `te_album_pic` (apic_name,apic_tag,aclass_id,apic_cover,apic_size,apic_spec,upload_time,store_id) VALUES ('2','',NULL,'1_05580944308063800.jpg','13125','130x130','1504750430','1')
[2017-09-07 10:13:53] /traditional-education/shop/index.php?act=store_goods_add&op=save_goods ( act=store_goods_add&op=save_goods ) 
ERR: Db Error: Column 'store_name' cannot be null
INSERT  INTO `te_goods_common` (goods_name,goods_jingle,gc_id,gc_id_1,gc_id_2,gc_id_3,gc_name,brand_id,brand_name,type_id,goods_image,goods_price,goods_marketprice,goods_costprice,goods_discount,goods_serial,goods_storage_alarm,goods_barcode,goods_attr,goods_custom,goods_body,mobile_body,goods_commend,goods_state,goods_addtime,goods_selltime,goods_verify,store_id,store_name,spec_name,spec_value,goods_vat,areaid_1,areaid_2,areaid_3,transport_id,transport_title,goods_freight,goods_stcids,plateid_top,plateid_bottom,is_virtual,virtual_indate,virtual_limit,virtual_invalid_refund,sup_id,is_own_shop) VALUES ('测试商品2','','840','825','826','840','儿童书籍 &gt;适用年龄 &gt;1-3岁','','','0','1_05580944308063800.jpg','111','222','0','50','','0','','N;','N;','','','1','1','1504750433','0','10','0',NULL,'N;','N;','0','0','0','0','0','','0','','0','0','0','0','0','0','0','0')
[2017-09-07 10:16:31] /traditional-education/shop/index.php?act=store_goods_add&op=image_upload&upload_type=uploadedfile ( act=store_goods_add&op=image_upload ) 
ERR: Db Error: Column 'aclass_id' cannot be null
INSERT  INTO `te_album_pic` (apic_name,apic_tag,aclass_id,apic_cover,apic_size,apic_spec,upload_time,store_id) VALUES ('3','',NULL,'1_05580945914045161.jpg','13593','130x130','1504750591','1')
[2017-09-07 10:16:35] /traditional-education/shop/index.php?act=store_goods_add&op=save_goods ( act=store_goods_add&op=save_goods ) 
ERR: Db Error: Column 'store_name' cannot be null
INSERT  INTO `te_goods_common` (goods_name,goods_jingle,gc_id,gc_id_1,gc_id_2,gc_id_3,gc_name,brand_id,brand_name,type_id,goods_image,goods_price,goods_marketprice,goods_costprice,goods_discount,goods_serial,goods_storage_alarm,goods_barcode,goods_attr,goods_custom,goods_body,mobile_body,goods_commend,goods_state,goods_addtime,goods_selltime,goods_verify,store_id,store_name,spec_name,spec_value,goods_vat,areaid_1,areaid_2,areaid_3,transport_id,transport_title,goods_freight,goods_stcids,plateid_top,plateid_bottom,is_virtual,virtual_indate,virtual_limit,virtual_invalid_refund,sup_id,is_own_shop) VALUES ('测试商品2','','839','825','826','839','儿童书籍 &gt;适用年龄 &gt;6-12个月','','','0','1_05580945914045161.jpg','111','222','0','50','','0','','N;','N;','','','1','1','1504750595','0','10','0',NULL,'N;','N;','0','0','0','0','0','','0','','0','0','0','0','0','0','0','0')
[2017-09-07 10:18:53] /traditional-education/shop/index.php?act=store_goods_add&op=save_goods ( act=store_goods_add&op=save_goods ) 
ERR: Db Error: Column 'store_name' cannot be null
INSERT  INTO `te_goods_common` (goods_name,goods_jingle,gc_id,gc_id_1,gc_id_2,gc_id_3,gc_name,brand_id,brand_name,type_id,goods_image,goods_price,goods_marketprice,goods_costprice,goods_discount,goods_serial,goods_storage_alarm,goods_barcode,goods_attr,goods_custom,goods_body,mobile_body,goods_commend,goods_state,goods_addtime,goods_selltime,goods_verify,store_id,store_name,spec_name,spec_value,goods_vat,areaid_1,areaid_2,areaid_3,transport_id,transport_title,goods_freight,goods_stcids,plateid_top,plateid_bottom,is_virtual,virtual_indate,virtual_limit,virtual_invalid_refund,sup_id,is_own_shop) VALUES ('测试商品2','','839','825','826','839','儿童书籍 &gt;适用年龄 &gt;6-12个月','','','0','1_05580945914045161.jpg','111','222','0','50','','0','','N;','N;','','','1','1','1504750733','0','10','0',NULL,'N;','N;','0','0','0','0','0','','0','','0','0','0','0','0','0','0','0')
[2017-09-07 10:18:54] /traditional-education/shop/index.php?act=store_goods_add&op=save_goods ( act=store_goods_add&op=save_goods ) 
ERR: Db Error: Column 'store_name' cannot be null
INSERT  INTO `te_goods_common` (goods_name,goods_jingle,gc_id,gc_id_1,gc_id_2,gc_id_3,gc_name,brand_id,brand_name,type_id,goods_image,goods_price,goods_marketprice,goods_costprice,goods_discount,goods_serial,goods_storage_alarm,goods_barcode,goods_attr,goods_custom,goods_body,mobile_body,goods_commend,goods_state,goods_addtime,goods_selltime,goods_verify,store_id,store_name,spec_name,spec_value,goods_vat,areaid_1,areaid_2,areaid_3,transport_id,transport_title,goods_freight,goods_stcids,plateid_top,plateid_bottom,is_virtual,virtual_indate,virtual_limit,virtual_invalid_refund,sup_id,is_own_shop) VALUES ('测试商品2','','839','825','826','839','儿童书籍 &gt;适用年龄 &gt;6-12个月','','','0','1_05580945914045161.jpg','111','222','0','50','','0','','N;','N;','','','1','1','1504750734','0','10','0',NULL,'N;','N;','0','0','0','0','0','','0','','0','0','0','0','0','0','0','0')
[2017-09-07 10:18:55] /traditional-education/shop/index.php?act=store_goods_add&op=save_goods ( act=store_goods_add&op=save_goods ) 
ERR: Db Error: Column 'store_name' cannot be null
INSERT  INTO `te_goods_common` (goods_name,goods_jingle,gc_id,gc_id_1,gc_id_2,gc_id_3,gc_name,brand_id,brand_name,type_id,goods_image,goods_price,goods_marketprice,goods_costprice,goods_discount,goods_serial,goods_storage_alarm,goods_barcode,goods_attr,goods_custom,goods_body,mobile_body,goods_commend,goods_state,goods_addtime,goods_selltime,goods_verify,store_id,store_name,spec_name,spec_value,goods_vat,areaid_1,areaid_2,areaid_3,transport_id,transport_title,goods_freight,goods_stcids,plateid_top,plateid_bottom,is_virtual,virtual_indate,virtual_limit,virtual_invalid_refund,sup_id,is_own_shop) VALUES ('测试商品2','','839','825','826','839','儿童书籍 &gt;适用年龄 &gt;6-12个月','','','0','1_05580945914045161.jpg','111','222','0','50','','0','','N;','N;','','','1','1','1504750735','0','10','0',NULL,'N;','N;','0','0','0','0','0','','0','','0','0','0','0','0','0','0','0')
[2017-09-07 10:18:55] /traditional-education/shop/index.php?act=store_goods_add&op=save_goods ( act=store_goods_add&op=save_goods ) 
ERR: Db Error: Column 'store_name' cannot be null
INSERT  INTO `te_goods_common` (goods_name,goods_jingle,gc_id,gc_id_1,gc_id_2,gc_id_3,gc_name,brand_id,brand_name,type_id,goods_image,goods_price,goods_marketprice,goods_costprice,goods_discount,goods_serial,goods_storage_alarm,goods_barcode,goods_attr,goods_custom,goods_body,mobile_body,goods_commend,goods_state,goods_addtime,goods_selltime,goods_verify,store_id,store_name,spec_name,spec_value,goods_vat,areaid_1,areaid_2,areaid_3,transport_id,transport_title,goods_freight,goods_stcids,plateid_top,plateid_bottom,is_virtual,virtual_indate,virtual_limit,virtual_invalid_refund,sup_id,is_own_shop) VALUES ('测试商品2','','839','825','826','839','儿童书籍 &gt;适用年龄 &gt;6-12个月','','','0','1_05580945914045161.jpg','111','222','0','50','','0','','N;','N;','','','1','1','1504750735','0','10','0',NULL,'N;','N;','0','0','0','0','0','','0','','0','0','0','0','0','0','0','0')
[2017-09-07 10:18:58] /traditional-education/shop/index.php?act=store_goods_add&op=save_goods ( act=store_goods_add&op=save_goods ) 
ERR: Db Error: Column 'store_name' cannot be null
INSERT  INTO `te_goods_common` (goods_name,goods_jingle,gc_id,gc_id_1,gc_id_2,gc_id_3,gc_name,brand_id,brand_name,type_id,goods_image,goods_price,goods_marketprice,goods_costprice,goods_discount,goods_serial,goods_storage_alarm,goods_barcode,goods_attr,goods_custom,goods_body,mobile_body,goods_commend,goods_state,goods_addtime,goods_selltime,goods_verify,store_id,store_name,spec_name,spec_value,goods_vat,areaid_1,areaid_2,areaid_3,transport_id,transport_title,goods_freight,goods_stcids,plateid_top,plateid_bottom,is_virtual,virtual_indate,virtual_limit,virtual_invalid_refund,sup_id,is_own_shop) VALUES ('测试商品2','','839','825','826','839','儿童书籍 &gt;适用年龄 &gt;6-12个月','','','0','1_05580945914045161.jpg','111','222','0','50','','0','','N;','N;','','','1','1','1504750738','0','10','0',NULL,'N;','N;','0','0','0','0','0','','0','','0','0','0','0','0','0','0','0')
[2017-09-07 10:18:59] /traditional-education/shop/index.php?act=store_goods_add&op=save_goods ( act=store_goods_add&op=save_goods ) 
ERR: Db Error: Column 'store_name' cannot be null
INSERT  INTO `te_goods_common` (goods_name,goods_jingle,gc_id,gc_id_1,gc_id_2,gc_id_3,gc_name,brand_id,brand_name,type_id,goods_image,goods_price,goods_marketprice,goods_costprice,goods_discount,goods_serial,goods_storage_alarm,goods_barcode,goods_attr,goods_custom,goods_body,mobile_body,goods_commend,goods_state,goods_addtime,goods_selltime,goods_verify,store_id,store_name,spec_name,spec_value,goods_vat,areaid_1,areaid_2,areaid_3,transport_id,transport_title,goods_freight,goods_stcids,plateid_top,plateid_bottom,is_virtual,virtual_indate,virtual_limit,virtual_invalid_refund,sup_id,is_own_shop) VALUES ('测试商品2','','839','825','826','839','儿童书籍 &gt;适用年龄 &gt;6-12个月','','','0','1_05580945914045161.jpg','111','222','0','50','','0','','N;','N;','','','1','1','1504750739','0','10','0',NULL,'N;','N;','0','0','0','0','0','','0','','0','0','0','0','0','0','0','0')
[2017-09-07 10:19:25] /traditional-education/shop/index.php?act=store_goods_add&op=save_goods ( act=store_goods_add&op=save_goods ) 
ERR: Db Error: Column 'store_name' cannot be null
INSERT  INTO `te_goods_common` (goods_name,goods_jingle,gc_id,gc_id_1,gc_id_2,gc_id_3,gc_name,brand_id,brand_name,type_id,goods_image,goods_price,goods_marketprice,goods_costprice,goods_discount,goods_serial,goods_storage_alarm,goods_barcode,goods_attr,goods_custom,goods_body,mobile_body,goods_commend,goods_state,goods_addtime,goods_selltime,goods_verify,store_id,store_name,spec_name,spec_value,goods_vat,areaid_1,areaid_2,areaid_3,transport_id,transport_title,goods_freight,goods_stcids,plateid_top,plateid_bottom,is_virtual,virtual_indate,virtual_limit,virtual_invalid_refund,sup_id,is_own_shop) VALUES ('测试商品2','','839','825','826','839','儿童书籍 &gt;适用年龄 &gt;6-12个月','','','0','1_05580945914045161.jpg','111','222','0','50','','0','','N;','N;','','','1','1','1504750765','0','10','0',NULL,'N;','N;','0','0','0','0','0','','0','','0','0','0','0','0','0','0','0')
[2017-09-07 10:20:16] /traditional-education/shop/index.php?act=store_goods_add&op=save_goods ( act=store_goods_add&op=save_goods ) 
ERR: Db Error: Column 'store_name' cannot be null
INSERT  INTO `te_goods_common` (goods_name,goods_jingle,gc_id,gc_id_1,gc_id_2,gc_id_3,gc_name,brand_id,brand_name,type_id,goods_image,goods_price,goods_marketprice,goods_costprice,goods_discount,goods_serial,goods_storage_alarm,goods_barcode,goods_attr,goods_custom,goods_body,mobile_body,goods_commend,goods_state,goods_addtime,goods_selltime,goods_verify,store_id,store_name,spec_name,spec_value,goods_vat,areaid_1,areaid_2,areaid_3,transport_id,transport_title,goods_freight,goods_stcids,plateid_top,plateid_bottom,is_virtual,virtual_indate,virtual_limit,virtual_invalid_refund,sup_id,is_own_shop) VALUES ('测试商品2','','839','825','826','839','儿童书籍 &gt;适用年龄 &gt;6-12个月','','','0','1_05580945914045161.jpg','111','222','0','50','','0','','N;','N;','','','1','1','1504750816','0','10','0',NULL,'N;','N;','0','0','0','0','0','','0','','0','0','0','0','0','0','0','0')
[2017-09-07 10:20:18] /traditional-education/shop/index.php?act=store_goods_add&op=save_goods ( act=store_goods_add&op=save_goods ) 
ERR: Db Error: Column 'store_name' cannot be null
INSERT  INTO `te_goods_common` (goods_name,goods_jingle,gc_id,gc_id_1,gc_id_2,gc_id_3,gc_name,brand_id,brand_name,type_id,goods_image,goods_price,goods_marketprice,goods_costprice,goods_discount,goods_serial,goods_storage_alarm,goods_barcode,goods_attr,goods_custom,goods_body,mobile_body,goods_commend,goods_state,goods_addtime,goods_selltime,goods_verify,store_id,store_name,spec_name,spec_value,goods_vat,areaid_1,areaid_2,areaid_3,transport_id,transport_title,goods_freight,goods_stcids,plateid_top,plateid_bottom,is_virtual,virtual_indate,virtual_limit,virtual_invalid_refund,sup_id,is_own_shop) VALUES ('测试商品2','','839','825','826','839','儿童书籍 &gt;适用年龄 &gt;6-12个月','','','0','1_05580945914045161.jpg','111','222','0','50','','0','','N;','N;','','','1','1','1504750818','0','10','0',NULL,'N;','N;','0','0','0','0','0','','0','','0','0','0','0','0','0','0','0')
[2017-09-07 10:24:56] /traditional-education/shop/index.php?act=store_goods_add&op=image_upload&upload_type=uploadedfile ( act=store_goods_add&op=image_upload ) 
ERR: Db Error: Column 'aclass_id' cannot be null
INSERT  INTO `te_album_pic` (apic_name,apic_tag,aclass_id,apic_cover,apic_size,apic_spec,upload_time,store_id) VALUES ('3','',NULL,'1_05580950962134685.jpg','13593','130x130','1504751096','1')
[2017-09-07 10:26:34] /traditional-education/shop/index.php?act=store_goods_add&op=image_upload&upload_type=uploadedfile ( act=store_goods_add&op=image_upload ) 
ERR: Db Error: Column 'aclass_id' cannot be null
INSERT  INTO `te_album_pic` (apic_name,apic_tag,aclass_id,apic_cover,apic_size,apic_spec,upload_time,store_id) VALUES ('3','',NULL,'1_05580951945322352.jpg','13593','130x130','1504751194','1')
[2017-09-07 10:27:19] /traditional-education/shop/index.php?act=store_goods_add&op=image_upload ( act=store_goods_add&op=image_upload ) 
ERR: Db Error: Column 'aclass_id' cannot be null
INSERT  INTO `te_album_pic` (apic_name,apic_tag,aclass_id,apic_cover,apic_size,apic_spec,upload_time,store_id) VALUES ('3','',NULL,'1_05580952398664203.jpg','13593','130x130','1504751239','1')
[2017-09-07 14:53:40] /traditional-education/shop/index.php?act=store_goods_add&op=image_upload ( act=store_goods_add&op=image_upload ) 
ERR: Db Error: Column 'aclass_id' cannot be null
INSERT  INTO `te_album_pic` (apic_name,apic_tag,aclass_id,apic_cover,apic_size,apic_spec,upload_time,store_id) VALUES ('二级菜单_11','',NULL,'1_05581112203484630.png','26091','236x149','1504767220','1')
[2017-09-07 14:54:50] /traditional-education/shop/index.php?act=store_goods_add&op=image_upload&upload_type=uploadedfile ( act=store_goods_add&op=image_upload ) 
ERR: Db Error: Column 'aclass_id' cannot be null
INSERT  INTO `te_album_pic` (apic_name,apic_tag,aclass_id,apic_cover,apic_size,apic_spec,upload_time,store_id) VALUES ('二级菜单_11','',NULL,'4_05581112903139152.png','26091','236x149','1504767290','4')
[2017-09-07 14:54:58] /traditional-education/shop/index.php?act=store_goods_add&op=image_upload ( act=store_goods_add&op=image_upload ) 
ERR: Db Error: Column 'aclass_id' cannot be null
INSERT  INTO `te_album_pic` (apic_name,apic_tag,aclass_id,apic_cover,apic_size,apic_spec,upload_time,store_id) VALUES ('二级菜单_19','',NULL,'05581112984574407.png','51312','463x231','1504767298','')
[2017-09-07 14:59:03] /traditional-education/shop/index.php?act=store_goods_add&op=image_upload&upload_type=uploadedfile ( act=store_goods_add&op=image_upload ) 
ERR: Db Error: Column 'aclass_id' cannot be null
INSERT  INTO `te_album_pic` (apic_name,apic_tag,aclass_id,apic_cover,apic_size,apic_spec,upload_time,store_id) VALUES ('69523857','',NULL,'5_05581115435886049.jpg','19459','400x266','1504767543','5')
[2017-09-07 14:59:43] /traditional-education/shop/index.php?act=store_goods_add&op=image_upload ( act=store_goods_add&op=image_upload ) 
ERR: Db Error: Column 'aclass_id' cannot be null
INSERT  INTO `te_album_pic` (apic_name,apic_tag,aclass_id,apic_cover,apic_size,apic_spec,upload_time,store_id) VALUES ('二级菜单_14','',NULL,'5_05581115834625711.png','20579','236x149','1504767583','5')
[2017-09-07 15:42:25] /traditional-education/shop/index.php?act=store_goods_add&op=image_upload ( act=store_goods_add&op=image_upload ) 
ERR: Db Error: Column 'aclass_id' cannot be null
INSERT  INTO `te_album_pic` (apic_name,apic_tag,aclass_id,apic_cover,apic_size,apic_spec,upload_time,store_id) VALUES ('69523857','',NULL,'4_05581141456473292.jpg','19459','400x266','1504770145','4')
[2017-09-07 15:43:36] /traditional-education/shop/index.php?act=store_goods_add&op=image_upload&upload_type=uploadedfile ( act=store_goods_add&op=image_upload ) 
ERR: Db Error: Column 'aclass_id' cannot be null
INSERT  INTO `te_album_pic` (apic_name,apic_tag,aclass_id,apic_cover,apic_size,apic_spec,upload_time,store_id) VALUES ('69523857','',NULL,'05581142164437934.jpg','19459','400x266','1504770216',NULL)
[2017-09-07 15:46:39] /traditional-education/shop/index.php?act=store_goods_add&op=image_upload&upload_type=uploadedfile ( act=store_goods_add&op=image_upload ) 
ERR: Db Error: Column 'aclass_id' cannot be null
INSERT  INTO `te_album_pic` (apic_name,apic_tag,aclass_id,apic_cover,apic_size,apic_spec,upload_time,store_id) VALUES ('二级菜单_14','',NULL,'05581143992062788.png','20579','236x149','1504770399',NULL)
[2017-09-07 15:51:26] /traditional-education/shop/index.php?act=store_goods_add&op=image_upload&upload_type=uploadedfile ( act=store_goods_add&op=image_upload ) 
ERR: Db Error: Column 'aclass_id' cannot be null
INSERT  INTO `te_album_pic` (apic_name,apic_tag,aclass_id,apic_cover,apic_size,apic_spec,upload_time,store_id) VALUES ('二级菜单_14','',NULL,'05581146866460918.png','20579','236x149','1504770686',NULL)
[2017-09-07 15:56:05] /traditional-education/shop/index.php?act=store_goods_add&op=image_upload&upload_type=uploadedfile ( act=store_goods_add&op=image_upload ) 
ERR: Db Error: Column 'aclass_id' cannot be null
INSERT  INTO `te_album_pic` (apic_name,apic_tag,aclass_id,apic_cover,apic_size,apic_spec,upload_time,store_id) VALUES ('二级菜单_14','',NULL,'05581149650879843.png','20579','236x149','1504770965',NULL)
[2017-09-07 15:56:39] /traditional-education/shop/index.php?act=store_goods_add&op=image_upload&upload_type=uploadedfile ( act=store_goods_add&op=image_upload ) 
ERR: Db Error: Column 'aclass_id' cannot be null
INSERT  INTO `te_album_pic` (apic_name,apic_tag,aclass_id,apic_cover,apic_size,apic_spec,upload_time,store_id) VALUES ('二级菜单_14','',NULL,'05581149989404431.png','20579','236x149','1504770998',NULL)
[2017-09-07 16:02:21] /traditional-education/shop/index.php?act=store_goods_add&op=image_upload&upload_type=uploadedfile ( act=store_goods_add&op=image_upload ) 
ERR: Db Error: Column 'aclass_id' cannot be null
INSERT  INTO `te_album_pic` (apic_name,apic_tag,aclass_id,apic_cover,apic_size,apic_spec,upload_time,store_id) VALUES ('二级菜单_19','',NULL,'4_05581153415509285.png','51312','463x231','1504771341','4')
[2017-09-07 16:03:29] /traditional-education/shop/index.php?act=store_goods_add&op=image_upload&upload_type=uploadedfile ( act=store_goods_add&op=image_upload ) 
ERR: Db Error: Column 'aclass_id' cannot be null
INSERT  INTO `te_album_pic` (apic_name,apic_tag,aclass_id,apic_cover,apic_size,apic_spec,upload_time,store_id) VALUES ('69523857','',NULL,'4_05581154092843049.jpg','19459','400x266','1504771409','4')
